h:\google drive\sf\2e3\labs\game\x64\debug\game.bsc
h:\google drive\sf\2e3\labs\game\game\x64\debug\vc140.pdb
h:\google drive\sf\2e3\labs\game\game\x64\debug\vc140.idb
h:\google drive\sf\2e3\labs\game\game\x64\debug\inventory.obj
h:\google drive\sf\2e3\labs\game\game\x64\debug\main.obj
h:\google drive\sf\2e3\labs\game\game\x64\debug\story.obj
h:\google drive\sf\2e3\labs\game\game\x64\debug\character.obj
h:\google drive\sf\2e3\labs\game\game\x64\debug\elf.obj
h:\google drive\sf\2e3\labs\game\game\x64\debug\human.obj
h:\google drive\sf\2e3\labs\game\game\x64\debug\inventory_data.obj
h:\google drive\sf\2e3\labs\game\game\x64\debug\npc.obj
h:\google drive\sf\2e3\labs\game\game\x64\debug\npc_data.obj
h:\google drive\sf\2e3\labs\game\game\x64\debug\player.obj
h:\google drive\sf\2e3\labs\game\game\x64\debug\player_data.obj
h:\google drive\sf\2e3\labs\game\game\x64\debug\races.obj
h:\google drive\sf\2e3\labs\game\game\x64\debug\troll.obj
h:\google drive\sf\2e3\labs\game\game\x64\debug\wizard.obj
h:\google drive\sf\2e3\labs\game\game\x64\debug\wizard.sbr
h:\google drive\sf\2e3\labs\game\game\x64\debug\troll.sbr
h:\google drive\sf\2e3\labs\game\game\x64\debug\story.sbr
h:\google drive\sf\2e3\labs\game\game\x64\debug\races.sbr
h:\google drive\sf\2e3\labs\game\game\x64\debug\player_data.sbr
h:\google drive\sf\2e3\labs\game\game\x64\debug\player.sbr
h:\google drive\sf\2e3\labs\game\game\x64\debug\npc_data.sbr
h:\google drive\sf\2e3\labs\game\game\x64\debug\npc.sbr
h:\google drive\sf\2e3\labs\game\game\x64\debug\main.sbr
h:\google drive\sf\2e3\labs\game\game\x64\debug\inventory_data.sbr
h:\google drive\sf\2e3\labs\game\game\x64\debug\inventory.sbr
h:\google drive\sf\2e3\labs\game\game\x64\debug\human.sbr
h:\google drive\sf\2e3\labs\game\game\x64\debug\elf.sbr
h:\google drive\sf\2e3\labs\game\game\x64\debug\character.sbr
h:\google drive\sf\2e3\labs\game\x64\debug\game.ilk
h:\google drive\sf\2e3\labs\game\x64\debug\game.exe
h:\google drive\sf\2e3\labs\game\x64\debug\game.pdb
h:\google drive\sf\2e3\labs\game\game\x64\debug\node.obj
h:\google drive\sf\2e3\labs\game\game\x64\debug\story.obj.enc
h:\google drive\sf\2e3\labs\game\game\x64\debug\game.tlog\bscmake.command.1.tlog
h:\google drive\sf\2e3\labs\game\game\x64\debug\game.tlog\bscmake.read.1.tlog
h:\google drive\sf\2e3\labs\game\game\x64\debug\game.tlog\bscmake.write.1.tlog
h:\google drive\sf\2e3\labs\game\game\x64\debug\game.tlog\cl.command.1.tlog
h:\google drive\sf\2e3\labs\game\game\x64\debug\game.tlog\cl.read.1.tlog
h:\google drive\sf\2e3\labs\game\game\x64\debug\game.tlog\cl.write.1.tlog
h:\google drive\sf\2e3\labs\game\game\x64\debug\game.tlog\link.command.1.tlog
h:\google drive\sf\2e3\labs\game\game\x64\debug\game.tlog\link.read.1.tlog
h:\google drive\sf\2e3\labs\game\game\x64\debug\game.tlog\link.write.1.tlog
