  races.cpp
  player_data.cpp
  player.cpp
  npc_data.cpp
  npc.cpp
  inventory_data.cpp
  human.cpp
  elf.cpp
  character.cpp
  Story.cpp
h:\google drive\sf\2e3\labs\game\game\story.cpp(437): warning C4244: '=': conversion from 'double' to 'int', possible loss of data
h:\google drive\sf\2e3\labs\game\game\story.cpp(438): warning C4244: '=': conversion from 'double' to 'int', possible loss of data
h:\google drive\sf\2e3\labs\game\game\story.cpp(450): warning C4244: '=': conversion from 'double' to 'int', possible loss of data
h:\google drive\sf\2e3\labs\game\game\story.cpp(458): warning C4244: '=': conversion from 'double' to 'int', possible loss of data
h:\google drive\sf\2e3\labs\game\game\story.cpp(461): warning C4244: '=': conversion from 'double' to 'int', possible loss of data
h:\google drive\sf\2e3\labs\game\game\story.cpp(465): warning C4244: '=': conversion from 'double' to 'int', possible loss of data
h:\google drive\sf\2e3\labs\game\game\story.cpp(472): warning C4244: '-=': conversion from 'double' to 'int', possible loss of data
h:\google drive\sf\2e3\labs\game\game\story.cpp(482): warning C4244: '=': conversion from 'double' to 'int', possible loss of data
h:\google drive\sf\2e3\labs\game\game\story.cpp(483): warning C4244: '=': conversion from 'double' to 'int', possible loss of data
h:\google drive\sf\2e3\labs\game\game\story.cpp(489): warning C4244: '=': conversion from 'double' to 'int', possible loss of data
h:\google drive\sf\2e3\labs\game\game\story.cpp(497): warning C4244: '=': conversion from 'double' to 'int', possible loss of data
h:\google drive\sf\2e3\labs\game\game\story.cpp(500): warning C4244: '=': conversion from 'double' to 'int', possible loss of data
h:\google drive\sf\2e3\labs\game\game\story.cpp(507): warning C4244: '-=': conversion from 'double' to 'int', possible loss of data
h:\google drive\sf\2e3\labs\game\game\story.cpp(520): warning C4244: '=': conversion from 'double' to 'int', possible loss of data
h:\google drive\sf\2e3\labs\game\game\story.cpp(521): warning C4244: '=': conversion from 'double' to 'int', possible loss of data
h:\google drive\sf\2e3\labs\game\game\story.cpp(528): warning C4244: '=': conversion from 'double' to 'int', possible loss of data
h:\google drive\sf\2e3\labs\game\game\story.cpp(535): warning C4244: '=': conversion from 'double' to 'int', possible loss of data
h:\google drive\sf\2e3\labs\game\game\story.cpp(538): warning C4244: '=': conversion from 'double' to 'int', possible loss of data
h:\google drive\sf\2e3\labs\game\game\story.cpp(541): warning C4244: '=': conversion from 'double' to 'int', possible loss of data
h:\google drive\sf\2e3\labs\game\game\story.cpp(548): warning C4244: '-=': conversion from 'double' to 'int', possible loss of data
h:\google drive\sf\2e3\labs\game\game\story.cpp(559): warning C4244: '=': conversion from 'double' to 'int', possible loss of data
h:\google drive\sf\2e3\labs\game\game\story.cpp(560): warning C4244: '=': conversion from 'double' to 'int', possible loss of data
h:\google drive\sf\2e3\labs\game\game\story.cpp(573): warning C4244: '=': conversion from 'double' to 'int', possible loss of data
h:\google drive\sf\2e3\labs\game\game\story.cpp(580): warning C4244: '=': conversion from 'double' to 'int', possible loss of data
h:\google drive\sf\2e3\labs\game\game\story.cpp(583): warning C4244: '=': conversion from 'double' to 'int', possible loss of data
h:\google drive\sf\2e3\labs\game\game\story.cpp(586): warning C4244: '=': conversion from 'double' to 'int', possible loss of data
h:\google drive\sf\2e3\labs\game\game\story.cpp(593): warning C4244: '-=': conversion from 'double' to 'int', possible loss of data
h:\google drive\sf\2e3\labs\game\game\story.cpp(607): warning C4244: '=': conversion from 'double' to 'int', possible loss of data
h:\google drive\sf\2e3\labs\game\game\story.cpp(608): warning C4244: '=': conversion from 'double' to 'int', possible loss of data
h:\google drive\sf\2e3\labs\game\game\story.cpp(655): warning C4129: 'K': unrecognized character escape sequence
h:\google drive\sf\2e3\labs\game\game\story.cpp(689): warning C4129: 'K': unrecognized character escape sequence
h:\google drive\sf\2e3\labs\game\game\story.cpp(722): warning C4129: 'K': unrecognized character escape sequence
  Main.cpp
  Inventory.cpp
  Generating Code...
  Compiling...
  wizard.cpp
  troll.cpp
  Generating Code...
  Game.vcxproj -> H:\Google Drive\SF\2E3\Labs\Game\Debug\Game.exe
  Game.vcxproj -> H:\Google Drive\SF\2E3\Labs\Game\Debug\Game.pdb (Full PDB)
