


ARM Macro Assembler    Page 1 


    1 00000000                 AREA             AsciiConversion, CODE, READONLY
    2 00000000                 IMPORT           main
    3 00000000                 EXPORT           start
    4 00000000         
    5 00000000         start
    6 00000000 E3A07031        LDR              r7, ='1'
    7 00000004 E3A06030        LDR              r6, ='0'
    8 00000008 E3A05033        LDR              r5, ='3'
    9 0000000C E3A04034        LDR              r4, ='4'
   10 00000010 E3A03032        LDR              r3, ='2'
   11 00000014 E3A02037        LDR              r2, ='7'
   12 00000018 E3A01039        LDR              r1, ='9'
   13 0000001C         ;Converting from ASCII to hex val
   14 0000001C E3A08030        MOV              r8, #0x30
   15 00000020 E0477008        SUB              r7, r7, r8
   16 00000024 E0466008        SUB              r6, r6, r8
   17 00000028 E0455008        SUB              r5, r5, r8
   18 0000002C E0444008        SUB              r4, r4, r8
   19 00000030 E0433008        SUB              r3, r3, r8
   20 00000034 E0422008        SUB              r2, r2, r8
   21 00000038 E0411008        SUB              r1, r1, r8
   22 0000003C         ;Multiplying by radix
   23 0000003C E3A0800A        LDR              r8, =10
   24 00000040 E1A09008        MOV              r9, r8
   25 00000044 E0020298        MUL              r2, r8, r2
   26 00000048 E0080899        MUL              r8, r9, r8
   27 0000004C E0030398        MUL              r3, r8, r3
   28 00000050 E0080899        MUL              r8, r9, r8
   29 00000054 E0040498        MUL              r4, r8, r4
   30 00000058 E0080899        MUL              r8, r9, r8
   31 0000005C E0050598        MUL              r5, r8, r5
   32 00000060 E0080899        MUL              r8, r9, r8
   33 00000064 E0060698        MUL              r6, r8, r6
   34 00000068 E0080899        MUL              r8, r9, r8
   35 0000006C E0070798        MUL              r7, r8, r7
   36 00000070         ;Adding numbers together
   37 00000070 E0870006        ADD              r0, r7, r6
   38 00000074 E0850000        ADD              r0, r5, r0
   39 00000078 E0840000        ADD              r0, r4, r0
   40 0000007C E0830000        ADD              r0, r3, r0
   41 00000080 E0820000        ADD              r0, r2, r0
   42 00000084 E0810000        ADD              r0, r1, r0
   43 00000088         
   44 00000088 EAFFFFFE 
                       stop    B                stop
   45 0000008C         
   46 0000008C                 END
Command Line: --debug --xref --diag_suppress=9931 --apcs=interwork --depend=.\o
bjects\asciiconversion.d -o.\objects\asciiconversion.o -IC:\Keil_v5\ARM\RV31\IN
C -IC:\Keil_v5\ARM\CMSIS\Include -IC:\Keil_v5\ARM\INC\Philips --predefine="__EV
AL SETA 1" --predefine="__MICROLIB SETA 1" --predefine="__UVISION_VERSION SETA 
524" --predefine="NO_CLOCK_SETUP SETA 1" --predefine="NO_EMC_SETUP SETA 1" --pr
edefine="RAM_INTVEC SETA 1" --predefine="RAM_MODE SETA 1" --predefine="REMAP SE
TA 1" --list=.\listings\asciiconversion.lst AsciiConversion.s



ARM Macro Assembler    Page 1 Alphabetic symbol ordering
Relocatable symbols

AsciiConversion 00000000

Symbol: AsciiConversion
   Definitions
      At line 1 in file AsciiConversion.s
   Uses
      None
Comment: AsciiConversion unused
start 00000000

Symbol: start
   Definitions
      At line 5 in file AsciiConversion.s
   Uses
      At line 3 in file AsciiConversion.s
Comment: start used once
stop 00000088

Symbol: stop
   Definitions
      At line 44 in file AsciiConversion.s
   Uses
      At line 44 in file AsciiConversion.s
Comment: stop used once
3 symbols



ARM Macro Assembler    Page 1 Alphabetic symbol ordering
External symbols

main 00000000

Symbol: main
   Definitions
      At line 2 in file AsciiConversion.s
   Uses
      None
Comment: main unused
1 symbol
342 symbols in table
