  web-server.cpp
h:\google drive\js\3d3\projects\project1\ee3d3-files-proj1\web-server.cpp(34): error C4996: 'fopen': This function or variable may be unsafe. Consider using fopen_s instead. To disable deprecation, use _CRT_SECURE_NO_WARNINGS. See online help for details.
  c:\program files (x86)\windows kits\10\include\10.0.10240.0\ucrt\stdio.h(205): note: see declaration of 'fopen'
h:\google drive\js\3d3\projects\project1\ee3d3-files-proj1\web-server.cpp(71): error C2440: '=': cannot convert from 'hostent *' to 'connectToWebClient::histent *'
  h:\google drive\js\3d3\projects\project1\ee3d3-files-proj1\web-server.cpp(71): note: Types pointed to are unrelated; conversion requires reinterpret_cast, C-style cast or function-style cast
h:\google drive\js\3d3\projects\project1\ee3d3-files-proj1\web-server.cpp(75): error C2440: '=': cannot convert from 'hostent *' to 'connectToWebClient::histent *'
  h:\google drive\js\3d3\projects\project1\ee3d3-files-proj1\web-server.cpp(75): note: Types pointed to are unrelated; conversion requires reinterpret_cast, C-style cast or function-style cast
h:\google drive\js\3d3\projects\project1\ee3d3-files-proj1\web-server.cpp(81): error C2027: use of undefined type 'connectToWebClient::histent'
  h:\google drive\js\3d3\projects\project1\ee3d3-files-proj1\web-server.cpp(64): note: see declaration of 'connectToWebClient::histent'
h:\google drive\js\3d3\projects\project1\ee3d3-files-proj1\web-server.cpp(81): error C2227: left of '->h_addr_list' must point to class/struct/union/generic type
  showip.cpp
h:\google drive\js\3d3\projects\project1\ee3d3-files-proj1\samplecode__do_not_include_in_submission\showip.cpp(4): fatal error C1083: Cannot open include file: 'sys/socket.h': No such file or directory
  server.cpp
h:\google drive\js\3d3\projects\project1\ee3d3-files-proj1\samplecode__do_not_include_in_submission\server.cpp(2): fatal error C1083: Cannot open include file: 'sys/socket.h': No such file or directory
  random-client.cpp
h:\google drive\js\3d3\projects\project1\ee3d3-files-proj1\samplecode__do_not_include_in_submission\random-client.cpp(2): fatal error C1083: Cannot open include file: 'sys/socket.h': No such file or directory
  client.cpp
h:\google drive\js\3d3\projects\project1\ee3d3-files-proj1\samplecode__do_not_include_in_submission\client.cpp(2): fatal error C1083: Cannot open include file: 'sys/socket.h': No such file or directory
  async-server.cpp
h:\google drive\js\3d3\projects\project1\ee3d3-files-proj1\samplecode__do_not_include_in_submission\async-server.cpp(2): fatal error C1083: Cannot open include file: 'sys/socket.h': No such file or directory
  Generating Code...
